Имя функции:say 
 дата вызова: 2020-12-17 
 время вызова функции: 17:28:41.049157 
Аргумент *args: ('hello', 'world') 
 Аргументы **kwargs: {} 
Результат вызова функции say: 
 hello world 
Всего потрачено времени: 0:00:00 
Документатция: None 
 
Имя функции:write 
 дата вызова: 2020-12-17 
 время вызова функции: 17:28:41.049157 
Аргумент *args: ('say', 'hello') 
 Аргументы **kwargs: {} 
Результат вызова функции write: 
 say hello 
Всего потрачено времени: 0:00:00 
Документатция: None 
 
Имя функции:say 
 дата вызова: 2020-12-17 
 время вызова функции: 18:54:32.495106 
Аргумент *args: ('hello', 'world') 
 Аргументы **kwargs: {} 
Результат вызова функции say: 
 hello world 
Всего потрачено времени: 0:00:00.001001 
Документатция: None 
 
Имя функции:say 
 дата вызова: 2020-12-17 
 время вызова функции: 18:55:12.046980 
Аргумент *args: ('hello', 'world') 
 Аргументы **kwargs: {} 
Результат вызова функции say: 
 hello world 
Всего потрачено времени: 0:00:00 
Документатция: None 
 
Имя функции:say 
 дата вызова: 2020-12-17 
 время вызова функции: 18:55:20.476537 
Аргумент *args: ('hello', 'world') 
 Аргументы **kwargs: {} 
Результат вызова функции say: 
 hello world 
Всего потрачено времени: 0:00:00 
Документатция: None 
 
Имя функции:say 
 дата вызова: 2020-12-17 
 время вызова функции: 18:58:10.588841 
Аргумент *args: ('hello', 'world') 
 Аргументы **kwargs: {} 
Результат вызова функции say: 
 hello world 
Всего потрачено времени: 0:00:00 
Документатция: None 
 
Имя функции:say 
 дата вызова: 2020-12-17 
 время вызова функции: 18:59:52.070504 
Аргумент *args: ('hello', 'world') 
 Аргументы **kwargs: {} 
Результат вызова функции say: 
 hello world 
Всего потрачено времени: 0:00:00 
Документатция: None 
 
Имя функции:say 
 дата вызова: 2020-12-17 
 время вызова функции: 18:59:54.895022 
Аргумент *args: ('hello', 'world') 
 Аргументы **kwargs: {} 
Результат вызова функции say: 
 hello world 
Всего потрачено времени: 0:00:00 
Документатция: None 
 
Имя функции:say 
 дата вызова: 2020-12-17 
 время вызова функции: 18:59:56.008476 
Аргумент *args: ('hello', 'world') 
 Аргументы **kwargs: {} 
Результат вызова функции say: 
 hello world 
Всего потрачено времени: 0:00:00 
Документатция: None 
 
Имя функции:say 
 дата вызова: 2020-12-17 
 время вызова функции: 18:59:56.629351 
Аргумент *args: ('hello', 'world') 
 Аргументы **kwargs: {} 
Результат вызова функции say: 
 hello world 
Всего потрачено времени: 0:00:00 
Документатция: None 
 
Имя функции:say 
 дата вызова: 2020-12-17 
 время вызова функции: 18:59:56.862161 
Аргумент *args: ('hello', 'world') 
 Аргументы **kwargs: {} 
Результат вызова функции say: 
 hello world 
Всего потрачено времени: 0:00:00 
Документатция: None 
 
Имя функции:say 
 дата вызова: 2020-12-17 
 время вызова функции: 18:59:57.092491 
Аргумент *args: ('hello', 'world') 
 Аргументы **kwargs: {} 
Результат вызова функции say: 
 hello world 
Всего потрачено времени: 0:00:00 
Документатция: None 
 
Имя функции:say 
 дата вызова: 2020-12-17 
 время вызова функции: 18:59:57.289827 
Аргумент *args: ('hello', 'world') 
 Аргументы **kwargs: {} 
Результат вызова функции say: 
 hello world 
Всего потрачено времени: 0:00:00 
Документатция: None 
 
Имя функции:say 
 дата вызова: 2020-12-17 
 время вызова функции: 19:00:09.392843 
Аргумент *args: ('hello', 'world') 
 Аргументы **kwargs: {} 
Результат вызова функции say: 
 hello world 
Всего потрачено времени: 0:00:00 
Документатция: None 
 
Имя функции:say 
 дата вызова: 2020-12-17 
 время вызова функции: 19:00:10.525417 
Аргумент *args: ('hello', 'world') 
 Аргументы **kwargs: {} 
Результат вызова функции say: 
 hello world 
Всего потрачено времени: 0:00:00 
Документатция: None 
 
Имя функции:say 
 дата вызова: 2020-12-17 
 время вызова функции: 19:00:11.081474 
Аргумент *args: ('hello', 'world') 
 Аргументы **kwargs: {} 
Результат вызова функции say: 
 hello world 
Всего потрачено времени: 0:00:00 
Документатция: None 
 
Имя функции:say 
 дата вызова: 2020-12-17 
 время вызова функции: 19:00:11.400616 
Аргумент *args: ('hello', 'world') 
 Аргументы **kwargs: {} 
Результат вызова функции say: 
 hello world 
Всего потрачено времени: 0:00:00 
Документатция: None 
 
Имя функции:say 
 дата вызова: 2020-12-17 
 время вызова функции: 19:00:11.815643 
Аргумент *args: ('hello', 'world') 
 Аргументы **kwargs: {} 
Результат вызова функции say: 
 hello world 
Всего потрачено времени: 0:00:00 
Документатция: None 
 
Имя функции:say 
 дата вызова: 2020-12-17 
 время вызова функции: 19:00:12.199069 
Аргумент *args: ('hello', 'world') 
 Аргументы **kwargs: {} 
Результат вызова функции say: 
 hello world 
Всего потрачено времени: 0:00:00 
Документатция: None 
 
Имя функции:say 
 дата вызова: 2020-12-17 
 время вызова функции: 19:00:12.780225 
Аргумент *args: ('hello', 'world') 
 Аргументы **kwargs: {} 
Результат вызова функции say: 
 hello world 
Всего потрачено времени: 0:00:00 
Документатция: None 
 
Имя функции:say 
 дата вызова: 2020-12-17 
 время вызова функции: 19:00:13.240360 
Аргумент *args: ('hello', 'world') 
 Аргументы **kwargs: {} 
Результат вызова функции say: 
 hello world 
Всего потрачено времени: 0:00:00 
Документатция: None 
 
Имя функции:say 
 дата вызова: 2020-12-17 
 время вызова функции: 19:00:16.214742 
Аргумент *args: ('hello', 'world') 
 Аргументы **kwargs: {} 
Результат вызова функции say: 
 hello world 
Всего потрачено времени: 0:00:00 
Документатция: None 
 
Имя функции:say 
 дата вызова: 2020-12-17 
 время вызова функции: 19:01:55.596702 
Аргумент *args: ('hello', 'world') 
 Аргументы **kwargs: {} 
Результат вызова функции say: 
 hello world 
Всего потрачено времени: 0:00:00 
Документатция: None 
 
Имя функции:say 
 дата вызова: 2020-12-17 
 время вызова функции: 19:06:11.016493 
Аргумент *args: ('hello', 'world') 
 Аргументы **kwargs: {} 
Результат вызова функции say: 
 hello world 
Всего потрачено времени: 0:00:00 
Документатция: None 
 
Имя функции:say 
 дата вызова: 2020-12-17 
 время вызова функции: 19:06:42.299161 
Аргумент *args: ('hello', 'world') 
 Аргументы **kwargs: {} 
Результат вызова функции say: 
 hello world 
Всего потрачено времени: 0:00:00 
Документатция: None 
 
Имя функции:get_user_friends 
 дата вызова: 2020-12-17 
 время вызова функции: 19:15:47.463303 
Аргумент *args: (<__main__.User object at 0x00000229157E76D0>,) 
 Аргументы **kwargs: {} 
Результат вызова функции get_user_friends: 
  Всё прошло успешно! 
 Статус кода: 200 
 ваши друзья: {'error': {'error_code': 5, 'error_msg': 'User authorization failed: invalid access_token (4).', 'request_params': [{'key': 'v', 'value': '5.214'}, {'key': 'method', 'value': 'friends.get'}, {'key': 'oauth', 'value': '1'}]}} 
Всего потрачено времени: 0:00:00.396798 
Документатция: None 
 
Имя функции:get_user_friends 
 дата вызова: 2020-12-18 
 время вызова функции: 10:05:39.172157 
Аргумент *args: (<__main__.User object at 0x000001DDD3B076D0>,) 
 Аргументы **kwargs: {} 
Результат вызова функции get_user_friends: 
  Всё прошло успешно! 
 Статус кода: 200 
 ваши друзья: {'error': {'error_code': 5, 'error_msg': 'User authorization failed: invalid access_token (4).', 'request_params': [{'key': 'v', 'value': '5.214'}, {'key': 'method', 'value': 'friends.get'}, {'key': 'oauth', 'value': '1'}]}} 
Всего потрачено времени: 0:00:01.435089 
Документатция: None 
 
Имя функции:get_user_friends 
 дата вызова: 2021-02-03 
 время вызова функции: 16:25:25.640935 
Аргумент *args: (<__main__.User object at 0x000002205E9D76D0>,) 
 Аргументы **kwargs: {} 
Результат вызова функции get_user_friends: 
  Всё прошло успешно! 
 Статус кода: 200 
 ваши друзья: {'error': {'error_code': 5, 'error_msg': 'User authorization failed: invalid access_token (4).', 'request_params': [{'key': 'v', 'value': '5.214'}, {'key': 'method', 'value': 'friends.get'}, {'key': 'oauth', 'value': '1'}]}} 
Всего потрачено времени: 0:00:00.390349 
Документатция: None 
 
